<?xml version="1.0" encoding="utf-8"?>
<TestRun id="7161b455-6c60-4dec-b79d-1db008c759fa" name="@MacBook-Pro-de-Valentina-460 2025-12-08 23:24:17" xmlns="http://microsoft.com/schemas/VisualStudio/TeamTest/2010">
  <Times creation="2025-12-08T23:24:17.4954630-03:00" queuing="2025-12-08T23:24:17.4954630-03:00" start="2025-12-08T23:24:17.1889190-03:00" finish="2025-12-08T23:24:17.4956650-03:00" />
  <TestSettings name="default" id="8ed2b747-aceb-494c-a6a5-ccc842894cce">
    <Deployment runDeploymentRoot="_MacBook-Pro-de-Valentina-460_2025-12-08_23_24_17" />
  </TestSettings>
  <TestLists>
    <TestList name="Results Not in a List" id="8c84fa94-04c1-424b-9868-57a2d4851a1d" />
    <TestList name="All Loaded Results" id="19431567-8539-422a-85d7-44ee4e166bda" />
  </TestLists>
  <ResultSummary outcome="Failed">
    <Counters total="0" executed="0" passed="0" failed="0" error="0" timeout="0" aborted="0" inconclusive="0" passedButRunAborted="0" notRunnable="0" notExecuted="0" disconnected="0" warning="0" completed="0" inProgress="0" pending="0" />
    <Output>
      <StdOut>Error:
  An assembly specified in the application dependencies manifest (DevTaskHub.Tests.deps.json) was not found:
    package: 'Castle.Core', version: '5.1.1'
    path: 'lib/net6.0/Castle.Core.dll'
</StdOut>
    </Output>
    <RunInfos>
      <RunInfo computerName="MacBook-Pro-de-Valentina-460" outcome="Error" timestamp="2025-12-08T23:24:17.4852670-03:00">
        <Text>Testhost process for source(s) '/Users/valentina/Documentos/DevTaskHub/backend/DevTaskHub.Tests/bin/Debug/net8.0/DevTaskHub.Tests.dll' exited with error: Error:
  An assembly specified in the application dependencies manifest (DevTaskHub.Tests.deps.json) was not found:
    package: 'Castle.Core', version: '5.1.1'
    path: 'lib/net6.0/Castle.Core.dll'
. Please check the diagnostic logs for more information.</Text>
      </RunInfo>
    </RunInfos>
  </ResultSummary>
</TestRun>